
Gurobi 11.0.2 (linux64) logging started Fri Jun 21 16:15:19 2024

Set parameter LogFile to value "solver_etrago.log"
Set parameter Threads to value 4
Gurobi Optimizer version 11.0.2 build v11.0.2rc0 (linux64 - "Ubuntu 20.04.6 LTS")

CPU model: Intel(R) Xeon(R) CPU E5-2630 v3 @ 2.40GHz, instruction set [SSE2|AVX|AVX2]
Thread count: 16 physical cores, 32 logical processors, using up to 4 threads

Optimize a model with 1663896 rows, 797566 columns and 3325127 nonzeros
Model fingerprint: 0x8e59078b
Coefficient statistics:
  Matrix range     [4e-01, 1e+05]
  Objective range  [2e-04, 1e+04]
  Bounds range     [1e+00, 4e+07]
  RHS range        [2e-04, 1e+08]
Presolve removed 202706 rows and 879364 columns
Presolve time: 3.84s
Presolved: 594860 rows, 808533 columns, 2647568 nonzeros
Ordering time: 5.54s

Barrier statistics:
 Dense cols : 200
 Free vars  : 8015
 AA' NZ     : 7.002e+06
 Factor NZ  : 6.353e+07 (roughly 1.0 GB of memory)
 Factor Ops : 8.091e+10 (roughly 1 second per iteration)
 Threads    : 4

                  Objective                Residual
Iter       Primal          Dual         Primal    Dual     Compl     Time
   0  -3.90281452e+16  8.41007296e+14  1.12e+07 1.77e+07  1.02e+12    33s
   1  -2.15662401e+16  1.44645586e+15  2.70e+06 1.25e+07  5.89e+11    35s
   2  -1.65773362e+16  1.68040221e+15  1.28e+06 1.01e+07  4.62e+11    37s
   3  -1.57384857e+16  2.16511208e+15  1.11e+06 3.94e+06  1.97e+11    39s
   4  -7.93318463e+15  2.20782863e+15  7.84e+04 6.70e+05  3.66e+10    40s
   5  -1.41543795e+15  9.37025920e+14  4.28e+03 8.10e+04  4.98e+09    43s
   6  -3.54937604e+14  2.43539074e+14  6.88e+02 1.26e+04  9.28e+08    45s
   7  -4.92147194e+13  3.53280764e+13  5.59e+01 7.75e+02  9.13e+07    47s
   8  -1.64558091e+13  6.75445500e+12  1.40e+01 1.44e+02  2.22e+07    49s
   9  -3.79821231e+12  1.05968628e+12  2.16e+00 1.95e+01  4.20e+06    51s
  10  -5.73501222e+11  1.92018689e+11  2.39e-01 2.64e+00  6.23e+05    53s
  11  -2.40455105e+11  8.65091511e+10  1.05e-01 7.92e-01  2.55e+05    54s
  12  -1.13344123e+11  7.32637142e+10  9.32e-02 6.20e-01  1.46e+05    56s
  13  -5.92174489e+10  3.53523526e+10  1.18e-01 2.58e-01  7.26e+04    57s
  14  -2.81168285e+10  2.36566593e+10  9.31e-02 1.48e-01  3.95e+04    59s
  15  -1.53315163e+10  1.69793133e+10  6.60e-02 9.34e-02  2.45e+04    60s
  16  -7.21797079e+09  9.39677982e+09  5.15e-02 3.19e-02  1.25e+04    62s
  17  -1.71503883e+09  8.06225726e+09  3.59e-02 2.28e-02  7.31e+03    64s
  18   7.90467377e+08  6.55911488e+09  2.69e-02 1.26e-02  4.29e+03    66s
  19   2.13430656e+09  5.92153018e+09  1.68e-02 8.69e-03  2.81e+03    68s
  20   3.09313689e+09  5.40820192e+09  9.70e-03 5.79e-03  1.72e+03    70s
  21   3.64904179e+09  5.16652060e+09  9.02e-03 4.57e-03  1.13e+03    72s
  22   3.82511908e+09  4.94341554e+09  8.55e-03 3.44e-03  8.33e+02    74s
  23   3.93326008e+09  4.79630795e+09  8.14e-03 2.63e-03  6.43e+02    76s
  24   3.98999344e+09  4.73658439e+09  7.73e-03 2.29e-03  5.56e+02    77s
  25   4.09954328e+09  4.63563846e+09  8.20e-03 1.73e-03  3.99e+02    79s
  26   4.17737241e+09  4.54443354e+09  7.80e-03 1.24e-03  2.74e+02    81s
  27   4.23839210e+09  4.45852807e+09  5.93e-03 7.79e-04  1.64e+02    83s
  28   4.27352074e+09  4.38766352e+09  3.75e-03 4.12e-04  8.51e+01    86s
  29   4.28498287e+09  4.36122909e+09  2.81e-03 2.72e-04  5.68e+01    88s
  30   4.29110847e+09  4.34626691e+09  2.47e-03 1.95e-04  4.11e+01    90s
  31   4.29569802e+09  4.33763637e+09  2.27e-03 1.49e-04  3.12e+01    92s
  32   4.30307953e+09  4.32567854e+09  1.97e-03 8.62e-05  1.68e+01    94s
  33   4.30473703e+09  4.32129327e+09  1.87e-03 6.31e-05  1.23e+01    97s
  34   4.30577330e+09  4.31670702e+09  1.74e-03 4.02e-05  8.13e+00   101s
  35   4.30697995e+09  4.31571801e+09  1.73e-03 3.48e-05  6.50e+00   104s
  36   4.30792321e+09  4.31402802e+09  1.80e-03 2.56e-05  4.54e+00   106s
  37   4.30833638e+09  4.31310905e+09  2.08e-02 2.06e-05  3.54e+00   108s
  38   4.30855442e+09  4.31218848e+09  1.58e-02 1.58e-05  2.69e+00   110s
  39   4.30889155e+09  4.31161874e+09  8.15e-03 1.31e-05  2.02e+00   113s
  40   4.30909016e+09  4.31108791e+09  3.50e-03 1.03e-05  1.48e+00   117s
  41   4.30913561e+09  4.31070522e+09  2.52e-03 8.14e-06  1.16e+00   120s
  42   4.30913556e+09  4.31070522e+09  2.53e-03 8.14e-06  1.16e+00   122s
  43   4.30913874e+09  4.31051533e+09  2.48e-03 7.03e-06  1.02e+00   124s
  44   4.30916720e+09  4.31043593e+09  1.88e-03 4.51e-06  9.30e-01   126s

Barrier solved model in 44 iterations and 125.63 seconds (79.17 work units)
Optimal objective 4.30916720e+09

